[INFO] Scanning for projects...
[INFO] 
[INFO] -------------------< com.milkdist:milk-distribution >-------------------
[INFO] Building milk-distribution 1.0.0
[INFO]   from pom.xml
[INFO] --------------------------------[ jar ]---------------------------------
[INFO] 
[INFO] >>> spring-boot:3.2.0:run (default-cli) > test-compile @ milk-distribution >>>
[INFO] 
[INFO] --- resources:3.3.1:resources (default-resources) @ milk-distribution ---
[INFO] Copying 1 resource from src\main\resources to target\classes
[INFO] Copying 0 resource from src\main\resources to target\classes
[INFO] 
[INFO] --- compiler:3.11.0:compile (default-compile) @ milk-distribution ---
[INFO] Nothing to compile - all classes are up to date
[INFO] 
[INFO] --- resources:3.3.1:testResources (default-testResources) @ milk-distribution ---
[INFO] skip non existing resourceDirectory c:\Users\ThirdUser\Downloads\SomnathApplication\milk-distribution\backend\src\test\resources
[INFO] 
[INFO] --- compiler:3.11.0:testCompile (default-testCompile) @ milk-distribution ---
[INFO] Nothing to compile - all classes are up to date
[INFO] 
[INFO] <<< spring-boot:3.2.0:run (default-cli) < test-compile @ milk-distribution <<<
[INFO] 
[INFO] 
[INFO] --- spring-boot:3.2.0:run (default-cli) @ milk-distribution ---
[INFO] Attaching agents: []

  .   ____          _            __ _ _
 /\\ / ___'_ __ _ _(_)_ __  __ _ \ \ \ \
( ( )\___ | '_ | '_| | '_ \/ _` | \ \ \ \
 \\/  ___)| |_)| | | | | || (_| |  ) ) ) )
  '  |____| .__|_| |_|_| |_\__, | / / / /
 =========|_|==============|___/=/_/_/_/
 :: Spring Boot ::                (v3.2.0)

2026-06-05T23:56:32.631+05:30  INFO 29212 --- [milk-distribution] [           main] c.milkdist.MilkDistributionApplication   : Starting MilkDistributionApplication using Java 23 with PID 29212 (C:\Users\ThirdUser\Downloads\SomnathApplication\milk-distribution\backend\target\classes started by ThirdUser in c:\Users\ThirdUser\Downloads\SomnathApplication\milk-distribution\backend)
2026-06-05T23:56:32.631+05:30  INFO 29212 --- [milk-distribution] [           main] c.milkdist.MilkDistributionApplication   : No active profile set, falling back to 1 default profile: "default"
2026-06-05T23:56:33.316+05:30  INFO 29212 --- [milk-distribution] [           main] .s.d.r.c.RepositoryConfigurationDelegate : Bootstrapping Spring Data JPA repositories in DEFAULT mode.
2026-06-05T23:56:33.381+05:30  INFO 29212 --- [milk-distribution] [           main] .s.d.r.c.RepositoryConfigurationDelegate : Finished Spring Data repository scanning in 63 ms. Found 8 JPA repository interfaces.
2026-06-05T23:56:33.897+05:30  INFO 29212 --- [milk-distribution] [           main] o.s.b.w.embedded.tomcat.TomcatWebServer  : Tomcat initialized with port 8080 (http)
2026-06-05T23:56:33.908+05:30  INFO 29212 --- [milk-distribution] [           main] o.apache.catalina.core.StandardService   : Starting service [Tomcat]
2026-06-05T23:56:33.908+05:30  INFO 29212 --- [milk-distribution] [           main] o.apache.catalina.core.StandardEngine    : Starting Servlet engine: [Apache Tomcat/10.1.16]
2026-06-05T23:56:33.989+05:30  INFO 29212 --- [milk-distribution] [           main] o.a.c.c.C.[Tomcat].[localhost].[/]       : Initializing Spring embedded WebApplicationContext
2026-06-05T23:56:33.991+05:30  INFO 29212 --- [milk-distribution] [           main] w.s.c.ServletWebServerApplicationContext : Root WebApplicationContext: initialization completed in 1311 ms
2026-06-05T23:56:34.110+05:30  INFO 29212 --- [milk-distribution] [           main] o.hibernate.jpa.internal.util.LogHelper  : HHH000204: Processing PersistenceUnitInfo [name: default]
2026-06-05T23:56:34.181+05:30  INFO 29212 --- [milk-distribution] [           main] org.hibernate.Version                    : HHH000412: Hibernate ORM core version 6.3.1.Final
2026-06-05T23:56:34.221+05:30  INFO 29212 --- [milk-distribution] [           main] o.h.c.internal.RegionFactoryInitiator    : HHH000026: Second-level cache disabled
2026-06-05T23:56:34.430+05:30  INFO 29212 --- [milk-distribution] [           main] o.s.o.j.p.SpringPersistenceUnitInfo      : No LoadTimeWeaver setup: ignoring JPA class transformer
2026-06-05T23:56:34.453+05:30  INFO 29212 --- [milk-distribution] [           main] com.zaxxer.hikari.HikariDataSource       : HikariPool-1 - Starting...
2026-06-05T23:56:34.577+05:30  INFO 29212 --- [milk-distribution] [           main] com.zaxxer.hikari.pool.HikariPool        : HikariPool-1 - Added connection com.mysql.cj.jdbc.ConnectionImpl@30afb481
2026-06-05T23:56:34.578+05:30  INFO 29212 --- [milk-distribution] [           main] com.zaxxer.hikari.HikariDataSource       : HikariPool-1 - Start completed.
2026-06-05T23:56:34.622+05:30  WARN 29212 --- [milk-distribution] [           main] org.hibernate.orm.deprecation            : HHH90000025: MySQLDialect does not need to be specified explicitly using 'hibernate.dialect' (remove the property setting and it will be selected by default)
2026-06-05T23:56:35.645+05:30  INFO 29212 --- [milk-distribution] [           main] o.h.e.t.j.p.i.JtaPlatformInitiator       : HHH000489: No JTA platform available (set 'hibernate.transaction.jta.platform' to enable JTA platform integration)
2026-06-05T23:56:35.756+05:30  INFO 29212 --- [milk-distribution] [           main] j.LocalContainerEntityManagerFactoryBean : Initialized JPA EntityManagerFactory for persistence unit 'default'
2026-06-05T23:56:36.267+05:30  INFO 29212 --- [milk-distribution] [           main] o.s.d.j.r.query.QueryEnhancerFactory     : Hibernate is in classpath; If applicable, HQL parser will be used.
2026-06-05T23:56:37.040+05:30  WARN 29212 --- [milk-distribution] [           main] JpaBaseConfiguration$JpaWebConfiguration : spring.jpa.open-in-view is enabled by default. Therefore, database queries may be performed during view rendering. Explicitly configure spring.jpa.open-in-view to disable this warning
2026-06-05T23:56:37.561+05:30  WARN 29212 --- [milk-distribution] [           main] ConfigServletWebServerApplicationContext : Exception encountered during context initialization - cancelling refresh attempt: org.springframework.context.ApplicationContextException: Failed to start bean 'webServerStartStop'
2026-06-05T23:56:37.563+05:30  INFO 29212 --- [milk-distribution] [           main] j.LocalContainerEntityManagerFactoryBean : Closing JPA EntityManagerFactory for persistence unit 'default'
2026-06-05T23:56:37.563+05:30  INFO 29212 --- [milk-distribution] [           main] com.zaxxer.hikari.HikariDataSource       : HikariPool-1 - Shutdown initiated...
2026-06-05T23:56:37.563+05:30  INFO 29212 --- [milk-distribution] [           main] com.zaxxer.hikari.HikariDataSource       : HikariPool-1 - Shutdown completed.
2026-06-05T23:56:37.580+05:30  INFO 29212 --- [milk-distribution] [           main] .s.b.a.l.ConditionEvaluationReportLogger : 

Error starting ApplicationContext. To display the condition evaluation report re-run your application with 'debug' enabled.
2026-06-05T23:56:37.591+05:30 ERROR 29212 --- [milk-distribution] [           main] o.s.b.d.LoggingFailureAnalysisReporter   : 

***************************
APPLICATION FAILED TO START
***************************

Description:

Web server failed to start. Port 8080 was already in use.

Action:

Identify and stop the process that's listening on port 8080 or configure this application to listen on another port.

[INFO] ------------------------------------------------------------------------
[INFO] BUILD FAILURE
[INFO] ------------------------------------------------------------------------
[INFO] Total time:  7.583 s
[INFO] Finished at: 2026-06-05T23:56:37+05:30
[INFO] ------------------------------------------------------------------------
[ERROR] Failed to execute goal org.springframework.boot:spring-boot-maven-plugin:3.2.0:run (default-cli) on project milk-distribution: Process terminated with exit code: 1 -> [Help 1]
[ERROR] 
[ERROR] To see the full stack trace of the errors, re-run Maven with the -e switch.
[ERROR] Re-run Maven using the -X switch to enable full debug logging.
[ERROR] 
[ERROR] For more information about the errors and possible solutions, please read the following articles:
[ERROR] [Help 1] http://cwiki.apache.org/confluence/display/MAVEN/MojoExecutionException

c:\Users\ThirdUser\Downloads\SomnathApplication\milk-distribution\backend>